<?xml version="1.0" encoding="UTF-8"?>
<!-- Generated by org.testng.reporters.JUnitReportReporter -->
<testsuite skipped="0" hostname="THQ1LTOABDELAZIZ" name="apisTests.addNewPetToStoreTest" tests="1" failures="0" timestamp="2020-07-03T17:27:59 AST" time="3.766" errors="0">
  <testcase name="PostNewPetToStore" time="3.766" classname="apisTests.addNewPetToStoreTest"/>
  <system-out/>
</testsuite> <!-- apisTests.addNewPetToStoreTest -->
